<?xml version="1.0" encoding="UTF-8"?>
<testsuite xmlns:xsi="http://www.w3.org/2001/XMLSchema-instance" xsi:noNamespaceSchemaLocation="https://maven.apache.org/surefire/maven-surefire-plugin/xsd/surefire-test-report-3.0.xsd" version="3.0" name="runner.TestRunner" time="5.961" tests="1" errors="0" skipped="0" failures="1">
  <properties>
[...]
</properties>
  <testcase name="Valid login" classname="Login functionality" time="5.74">
    <failure type="java.lang.AssertionError"><![CDATA[java.lang.AssertionError
	at stepDefinitions.LoginSteps.user_should_be_redirected_to_dashboard(LoginSteps.java:31)
	at ✽.user should be redirected to dashboard(file:///C:/Users/SureshPilliSIDGlobal/OneDrive%20-%20SID%20Global%20Solutions/Documents/Downloads/SeleniumCucumber_LoginSerenityGitReady/src/test/resources/features/login.feature:6)
]]></failure>
    <system-out><![CDATA[
Scenario: Valid login                         # src/test/resources/features/login.feature:3
  Given user is on login page                 # stepDefinitions.LoginSteps.user_is_on_login_page()
  When user enters valid credentials          # stepDefinitions.LoginSteps.user_enters_valid_credentials()
  Then user should be redirected to dashboard # stepDefinitions.LoginSteps.user_should_be_redirected_to_dashboard()
      java.lang.AssertionError
      	at org.junit.Assert.fail(Assert.java:87)
      	at org.junit.Assert.assertTrue(Assert.java:42)
      	at org.junit.Assert.assertTrue(Assert.java:53)
      	at stepDefinitions.LoginSteps.user_should_be_redirected_to_dashboard(LoginSteps.java:31)
      	at âœ½.user should be redirected to dashboard(file:///C:/Users/SureshPilliSIDGlobal/OneDrive%20-%20SID%20Global%20Solutions/Documents/Downloads/SeleniumCucumber_LoginSerenityGitReady/src/test/resources/features/login.feature:6)
]]></system-out>
    <system-err><![CDATA[SLF4J(W): No SLF4J providers were found.
SLF4J(W): Defaulting to no-operation (NOP) logger implementation
SLF4J(W): See https://www.slf4j.org/codes.html#noProviders for further details.
Jul 02, 2025 11:47:40 AM org.openqa.selenium.devtools.CdpVersionFinder findNearestMatch
WARNING: Unable to find an exact match for CDP version 138, returning the closest version; found: 137; Please update to a Selenium version that supports CDP version 138
]]></system-err>
  </testcase>
</testsuite>